Processing repository: /home/jmutangana/Documents
[main f220209] Auto-update: 2025-01-22 20:00:02
 1 file changed, 1 insertion(+)
 create mode 100644 scripts/cron_output.log
To github.com:mutanganajoseph/Documents.git
   9204cd1..f220209  main -> main
Completed update for repository: /home/jmutangana/Documents
Processing repository: /home/jmutangana/Desktop/html_basics
On branch main
Your branch is up to date with 'origin/main'.

nothing to commit, working tree clean
Everything up-to-date
Completed update for repository: /home/jmutangana/Desktop/html_basics
Processing repository: /home/jmutangana/Desktop/joe01
On branch main
Your branch is up to date with 'origin/main'.

nothing to commit, working tree clean
Everything up-to-date
Completed update for repository: /home/jmutangana/Desktop/joe01
Processing repository: /home/jmutangana/Desktop/myProgramingLanguages
On branch main
Your branch is up to date with 'origin/main'.

nothing to commit, working tree clean
Everything up-to-date
Completed update for repository: /home/jmutangana/Desktop/myProgramingLanguages
Cannot autolaunch D-Bus without X11 $DISPLAY
Processing repository: /home/jmutangana/Documents
